Build started 12/2/2013 12:08:28 PM.
     1>Project "C:\Users\Benjamin\documents\visual studio 2010\Projects\RockPaperScissors\RockPaperScissors\RockPaperScissors.vcxproj" on node 2 (build target(s)).
     1>InitializeBuildStatus:
         Creating "Debug\RockPaperScissors.unsuccessfulbuild" because "AlwaysCreate" was specified.
       ClCompile:
         c:\Program Files (x86)\Microsoft Visual Studio 10.0\VC\bin\CL.exe /c /ZI /nologo /W3 /WX- /Od /Oy- /D _MBCS /Gm /EHsc /RTC1 /MDd /GS /fp:precise /Zc:wchar_t /Zc:forScope /Fo"Debug\\" /Fd"Debug\vc100.pdb" /Gd /TP /analyze- /errorReport:prompt main.cpp
         main.cpp
     1>c:\users\benjamin\documents\visual studio 2010\projects\rockpaperscissors\rockpaperscissors\main.cpp(66): warning C4018: '<' : signed/unsigned mismatch
     1>c:\users\benjamin\documents\visual studio 2010\projects\rockpaperscissors\rockpaperscissors\main.cpp(83): warning C4018: '<' : signed/unsigned mismatch
     1>c:\users\benjamin\documents\visual studio 2010\projects\rockpaperscissors\rockpaperscissors\main.cpp(108): warning C4018: '<' : signed/unsigned mismatch
     1>c:\users\benjamin\documents\visual studio 2010\projects\rockpaperscissors\rockpaperscissors\main.cpp(138): warning C4018: '<' : signed/unsigned mismatch
     1>c:\users\benjamin\documents\visual studio 2010\projects\rockpaperscissors\rockpaperscissors\main.cpp(157): warning C4018: '<' : signed/unsigned mismatch
     1>c:\users\benjamin\documents\visual studio 2010\projects\rockpaperscissors\rockpaperscissors\main.cpp(258): warning C4018: '<' : signed/unsigned mismatch
     1>c:\users\benjamin\documents\visual studio 2010\projects\rockpaperscissors\rockpaperscissors\main.cpp(286): warning C4244: 'argument' : conversion from 'time_t' to 'unsigned int', possible loss of data
       Link:
         c:\Program Files (x86)\Microsoft Visual Studio 10.0\VC\bin\link.exe /ERRORREPORT:PROMPT /OUT:"C:\Users\Benjamin\documents\visual studio 2010\Projects\RockPaperScissors\Debug\RockPaperScissors.exe" /NOLOGO kernel32.lib user32.lib gdi32.lib winspool.lib comdlg32.lib advapi32.lib shell32.lib ole32.lib oleaut32.lib uuid.lib odbc32.lib odbccp32.lib /MANIFEST /ManifestFile:"Debug\RockPaperScissors.exe.intermediate.manifest" /MANIFESTUAC:"level='asInvoker' uiAccess='false'" /DEBUG /PDB:"C:\Users\Benjamin\documents\visual studio 2010\Projects\RockPaperScissors\Debug\RockPaperScissors.pdb" /TLBID:1 /DYNAMICBASE /NXCOMPAT /IMPLIB:"C:\Users\Benjamin\documents\visual studio 2010\Projects\RockPaperScissors\Debug\RockPaperScissors.lib" /MACHINE:X86 Debug\main.obj
         Debug\Player.obj
         LINK : C:\Users\Benjamin\documents\visual studio 2010\Projects\RockPaperScissors\Debug\RockPaperScissors.exe not found or not built by the last incremental link; performing full link
         RockPaperScissors.vcxproj -> C:\Users\Benjamin\documents\visual studio 2010\Projects\RockPaperScissors\Debug\RockPaperScissors.exe
       Manifest:
         C:\Program Files (x86)\Microsoft SDKs\Windows\v7.0A\bin\mt.exe /nologo /verbose /outputresource:"C:\Users\Benjamin\documents\visual studio 2010\Projects\RockPaperScissors\Debug\RockPaperScissors.exe;#1" /manifest Debug\RockPaperScissors.exe.intermediate.manifest
       FinalizeBuildStatus:
         Deleting file "Debug\RockPaperScissors.unsuccessfulbuild".
         Touching "Debug\RockPaperScissors.lastbuildstate".
     1>Done Building Project "C:\Users\Benjamin\documents\visual studio 2010\Projects\RockPaperScissors\RockPaperScissors\RockPaperScissors.vcxproj" (build target(s)).

Build succeeded.

Time Elapsed 00:00:04.52
