10:55:04 **** Incremental Build of configuration Debug for project Lab8 ****
make all 
Building file: ../Lab8 To Students/Student_Code/Factory.cpp
Invoking: Cross G++ Compiler
g++ -O0 -g3 -Wall -c -fmessage-length=0 -MMD -MP -MF"Lab8 To Students/Student_Code/Factory.d" -MT"Lab8\ To\ Students/Student_Code/Factory.d" -o "Lab8 To Students/Student_Code/Factory.o" "../Lab8 To Students/Student_Code/Factory.cpp"
In file included from ../Lab8 To Students/Student_Code/Factory.cpp:2:0:
../Lab8 To Students/Student_Code/QS.h: In member function ‘virtual std::string QS::getArray()’:
../Lab8 To Students/Student_Code/QS.h:245:28: warning: comparison between signed and unsigned integer expressions [-Wsign-compare]
    for(unsigned i = 0; i < pos; i++)
                            ^
../Lab8 To Students/Student_Code/QS.h:248:20: warning: comparison between signed and unsigned integer expressions [-Wsign-compare]
     if ( i < (pos-1))
                    ^
Finished building: ../Lab8 To Students/Student_Code/Factory.cpp
 
Building target: Lab8
Invoking: Cross G++ Linker
g++  -o "Lab8"  ./Lab8\ To\ Students/Student_Code/Factory.o   
/usr/bin/ld: /usr/lib/debug/usr/lib/x86_64-linux-gnu/crt1.o(.debug_info): relocation 0 has invalid symbol index 11
/usr/bin/ld: /usr/lib/debug/usr/lib/x86_64-linux-gnu/crt1.o(.debug_info): relocation 1 has invalid symbol index 12
/usr/bin/ld: /usr/lib/debug/usr/lib/x86_64-linux-gnu/crt1.o(.debug_info): relocation 2 has invalid symbol index 2
/usr/bin/ld: /usr/lib/debug/usr/lib/x86_64-linux-gnu/crt1.o(.debug_info): relocation 3 has invalid symbol index 2
/usr/bin/ld: /usr/lib/debug/usr/lib/x86_64-linux-gnu/crt1.o(.debug_info): relocation 4 has invalid symbol index 11
/usr/bin/ld: /usr/lib/debug/usr/lib/x86_64-linux-gnu/crt1.o(.debug_info): relocation 5 has invalid symbol index 13
/usr/bin/ld: /usr/lib/debug/usr/lib/x86_64-linux-gnu/crt1.o(.debug_info): relocation 6 has invalid symbol index 13
/usr/bin/ld: /usr/lib/debug/usr/lib/x86_64-linux-gnu/crt1.o(.debug_info): relocation 7 has invalid symbol index 13
/usr/bin/ld: /usr/lib/debug/usr/lib/x86_64-linux-gnu/crt1.o(.debug_info): relocation 8 has invalid symbol index 12
/usr/bin/ld: /usr/lib/debug/usr/lib/x86_64-linux-gnu/crt1.o(.debug_info): relocation 9 has invalid symbol index 13
/usr/bin/ld: /usr/lib/debug/usr/lib/x86_64-linux-gnu/crt1.o(.debug_info): relocation 10 has invalid symbol index 13
/usr/bin/ld: /usr/lib/debug/usr/lib/x86_64-linux-gnu/crt1.o(.debug_info): relocation 11 has invalid symbol index 13
/usr/bin/ld: /usr/lib/debug/usr/lib/x86_64-linux-gnu/crt1.o(.debug_info): relocation 12 has invalid symbol index 13
/usr/bin/ld: /usr/lib/debug/usr/lib/x86_64-linux-gnu/crt1.o(.debug_info): relocation 13 has invalid symbol index 13
/usr/bin/ld: /usr/lib/debug/usr/lib/x86_64-linux-gnu/crt1.o(.debug_info): relocation 14 has invalid symbol index 13
/usr/bin/ld: /usr/lib/debug/usr/lib/x86_64-linux-gnu/crt1.o(.debug_info): relocation 15 has invalid symbol index 13
/usr/bin/ld: /usr/lib/debug/usr/lib/x86_64-linux-gnu/crt1.o(.debug_info): relocation 16 has invalid symbol index 13
/usr/bin/ld: /usr/lib/debug/usr/lib/x86_64-linux-gnu/crt1.o(.debug_info): relocation 17 has invalid symbol index 13
/usr/bin/ld: /usr/lib/debug/usr/lib/x86_64-linux-gnu/crt1.o(.debug_info): relocation 18 has invalid symbol index 13
/usr/bin/ld: /usr/lib/debug/usr/lib/x86_64-linux-gnu/crt1.o(.debug_info): relocation 19 has invalid symbol index 21
/usr/bin/ld: /usr/lib/debug/usr/lib/x86_64-linux-gnu/crt1.o(.debug_line): relocation 0 has invalid symbol index 2
/usr/lib/gcc/x86_64-linux-gnu/4.8/../../../x86_64-linux-gnu/crt1.o: In function `_start':
(.text+0x20): undefined reference to `main'
collect2: error: ld returned 1 exit status
make: *** [Lab8] Error 1

10:55:05 Build Finished (took 1s.518ms)

