Build started 9/22/2013 10:32:44 PM.
     1>Project "c:\Users\Benjamin\documents\visual studio 2010\Projects\BYUScholarships\BYUScholarships\BYUScholarships.vcxproj" on node 2 (build target(s)).
     1>InitializeBuildStatus:
         Touching "Debug\BYUScholarships.unsuccessfulbuild".
       ClCompile:
         c:\Program Files (x86)\Microsoft Visual Studio 10.0\VC\bin\CL.exe /c /ZI /nologo /W3 /WX- /Od /Oy- /D _MBCS /Gm /EHsc /RTC1 /MDd /GS /fp:precise /Zc:wchar_t /Zc:forScope /Fo"Debug\\" /Fd"Debug\vc100.pdb" /Gd /TP /analyze- /errorReport:prompt scholarships.cpp
         scholarships.cpp
     1>c:\users\benjamin\documents\visual studio 2010\projects\byuscholarships\byuscholarships\scholarships.cpp(18): warning C4244: '=' : conversion from 'double' to 'int', possible loss of data
     1>c:\users\benjamin\documents\visual studio 2010\projects\byuscholarships\byuscholarships\scholarships.cpp(19): warning C4554: '&' : check operator precedence for possible error; use parentheses to clarify precedence
       Link:
         c:\Program Files (x86)\Microsoft Visual Studio 10.0\VC\bin\link.exe /ERRORREPORT:PROMPT /OUT:"c:\users\benjamin\documents\visual studio 2010\Projects\BYUScholarships\Debug\BYUScholarships.exe" /NOLOGO kernel32.lib user32.lib gdi32.lib winspool.lib comdlg32.lib advapi32.lib shell32.lib ole32.lib oleaut32.lib uuid.lib odbc32.lib odbccp32.lib /MANIFEST /ManifestFile:"Debug\BYUScholarships.exe.intermediate.manifest" /MANIFESTUAC:"level='asInvoker' uiAccess='false'" /DEBUG /PDB:"c:\users\benjamin\documents\visual studio 2010\Projects\BYUScholarships\Debug\BYUScholarships.pdb" /TLBID:1 /DYNAMICBASE /NXCOMPAT /IMPLIB:"c:\users\benjamin\documents\visual studio 2010\Projects\BYUScholarships\Debug\BYUScholarships.lib" /MACHINE:X86 Debug\scholarships.obj
         BYUScholarships.vcxproj -> c:\users\benjamin\documents\visual studio 2010\Projects\BYUScholarships\Debug\BYUScholarships.exe
       Manifest:
         C:\Program Files (x86)\Microsoft SDKs\Windows\v7.0A\bin\mt.exe /nologo /verbose /outputresource:"c:\users\benjamin\documents\visual studio 2010\Projects\BYUScholarships\Debug\BYUScholarships.exe;#1" /manifest Debug\BYUScholarships.exe.intermediate.manifest
       FinalizeBuildStatus:
         Deleting file "Debug\BYUScholarships.unsuccessfulbuild".
         Touching "Debug\BYUScholarships.lastbuildstate".
     1>Done Building Project "c:\Users\Benjamin\documents\visual studio 2010\Projects\BYUScholarships\BYUScholarships\BYUScholarships.vcxproj" (build target(s)).

Build succeeded.

Time Elapsed 00:00:02.00
