
**** Build of configuration Debug for project L9a-Life ****

"C:\\ti\\ccsv5\\utils\\bin\\gmake" -k all 
'Building file: ../life.c'
'Invoking: MSP430 Compiler'
"C:/ti/ccsv5/tools/compiler/msp430_4.2.1/bin/cl430" -vmsp --abi=coffabi -O1 --opt_for_speed=1 --include_path="C:/ti/ccsv5/ccs_base/msp430/include" --include_path="C:/ti/ccsv5/tools/compiler/msp430_4.2.1/include" --advice:power=all -g --define=__MSP430F2274__ --diag_warning=225 --display_error_number --diag_wrap=off --printf_support=minimal --preproc_with_compile --preproc_dependency="life.pp"  "../life.c"
"../life.c", line 174: remark #1530-D: (ULP 5.1) Detected divide operation(s). Recommend moving them to RAM during run time or not using as these are processing/power intensive
"../life.c", line 192: remark #1544-D: (ULP 13.1) Detected loop counting up. Recommend loops count down as detecting zeros is easier
"../life.c", line 202: remark #1544-D: (ULP 13.1) Detected loop counting up. Recommend loops count down as detecting zeros is easier
"../life.c", line 213: remark #1544-D: (ULP 13.1) Detected loop counting up. Recommend loops count down as detecting zeros is easier
"../life.c", line 214: remark #1545-D: (ULP 14.1) Array index of type "int". Recommend using "unsigned int"
"../life.c", line 214: remark #2553-D: (ULP 14.1) Array index (involving "row") of type "int". Recommend using "unsigned int"
"../life.c", line 219: remark #1544-D: (ULP 13.1) Detected loop counting up. Recommend loops count down as detecting zeros is easier
"../life.c", line 220: remark #1545-D: (ULP 14.1) Array index of type "int". Recommend using "unsigned int"
"../life.c", line 220: remark #2553-D: (ULP 14.1) Array index (involving "row") of type "int". Recommend using "unsigned int"
"../life.c", line 225: remark #1544-D: (ULP 13.1) Detected loop counting up. Recommend loops count down as detecting zeros is easier
'Finished building: ../life.c'
' '
'Building target: L9a-Life.out'
'Invoking: MSP430 Linker'
"C:/ti/ccsv5/tools/compiler/msp430_4.2.1/bin/cl430" -vmsp --abi=coffabi -O1 --opt_for_speed=1 --advice:power=all -g --define=__MSP430F2274__ --diag_warning=225 --display_error_number --diag_wrap=off --printf_support=minimal -z -m"L9a-Life.map" --heap_size=80 --stack_size=80 -i"C:/ti/ccsv5/ccs_base/msp430/include" -i"C:/ti/ccsv5/tools/compiler/msp430_4.2.1/lib" -i"C:/ti/ccsv5/tools/compiler/msp430_4.2.1/include" --reread_libs --warn_sections --display_error_number --diag_wrap=off --xml_link_info="L9a-Life_linkInfo.xml" --rom_model -o "L9a-Life.out"  "./lifelib.obj" "./life.obj" "./RBX430_lcd.obj" "./RBX430-1.obj" "../lnk_msp430f2274.cmd" -l"libc.a" 
<Linking>
'Finished building target: L9a-Life.out'
' '

**** Build Finished ****
