Build started 11/18/2013 4:04:01 PM.
     1>Project "C:\Users\Benjamin\documents\visual studio 2010\Projects\Lab8CarDealership\Lab8CarDealership\Lab8CarDealership.vcxproj" on node 2 (build target(s)).
     1>InitializeBuildStatus:
         Creating "Debug\Lab8CarDealership.unsuccessfulbuild" because "AlwaysCreate" was specified.
       ClCompile:
         c:\Program Files (x86)\Microsoft Visual Studio 10.0\VC\bin\CL.exe /c /ZI /nologo /W3 /WX- /Od /Oy- /D _MBCS /Gm /EHsc /RTC1 /MDd /GS /fp:precise /Zc:wchar_t /Zc:forScope /Fo"Debug\\" /Fd"Debug\vc100.pdb" /Gd /TP /analyze- /errorReport:prompt Dealership.cpp
         Dealership.cpp
     1>c:\users\benjamin\documents\visual studio 2010\projects\lab8cardealership\lab8cardealership\dealership.cpp(67): warning C4018: '<' : signed/unsigned mismatch
     1>c:\users\benjamin\documents\visual studio 2010\projects\lab8cardealership\lab8cardealership\dealership.cpp(82): warning C4018: '<' : signed/unsigned mismatch
     1>c:\users\benjamin\documents\visual studio 2010\projects\lab8cardealership\lab8cardealership\dealership.cpp(127): warning C4018: '<' : signed/unsigned mismatch
     1>c:\users\benjamin\documents\visual studio 2010\projects\lab8cardealership\lab8cardealership\dealership.cpp(246): warning C4018: '<' : signed/unsigned mismatch
       Link:
         c:\Program Files (x86)\Microsoft Visual Studio 10.0\VC\bin\link.exe /ERRORREPORT:PROMPT /OUT:"C:\Users\Benjamin\documents\visual studio 2010\Projects\Lab8CarDealership\Debug\Lab8CarDealership.exe" /NOLOGO kernel32.lib user32.lib gdi32.lib winspool.lib comdlg32.lib advapi32.lib shell32.lib ole32.lib oleaut32.lib uuid.lib odbc32.lib odbccp32.lib /MANIFEST /ManifestFile:"Debug\Lab8CarDealership.exe.intermediate.manifest" /MANIFESTUAC:"level='asInvoker' uiAccess='false'" /DEBUG /PDB:"C:\Users\Benjamin\documents\visual studio 2010\Projects\Lab8CarDealership\Debug\Lab8CarDealership.pdb" /TLBID:1 /DYNAMICBASE /NXCOMPAT /IMPLIB:"C:\Users\Benjamin\documents\visual studio 2010\Projects\Lab8CarDealership\Debug\Lab8CarDealership.lib" /MACHINE:X86 Debug\Car.obj
         Debug\Dealership.obj
         LINK : C:\Users\Benjamin\documents\visual studio 2010\Projects\Lab8CarDealership\Debug\Lab8CarDealership.exe not found or not built by the last incremental link; performing full link
         Lab8CarDealership.vcxproj -> C:\Users\Benjamin\documents\visual studio 2010\Projects\Lab8CarDealership\Debug\Lab8CarDealership.exe
       Manifest:
         C:\Program Files (x86)\Microsoft SDKs\Windows\v7.0A\bin\mt.exe /nologo /verbose /outputresource:"C:\Users\Benjamin\documents\visual studio 2010\Projects\Lab8CarDealership\Debug\Lab8CarDealership.exe;#1" /manifest Debug\Lab8CarDealership.exe.intermediate.manifest
       FinalizeBuildStatus:
         Deleting file "Debug\Lab8CarDealership.unsuccessfulbuild".
         Touching "Debug\Lab8CarDealership.lastbuildstate".
     1>Done Building Project "C:\Users\Benjamin\documents\visual studio 2010\Projects\Lab8CarDealership\Lab8CarDealership\Lab8CarDealership.vcxproj" (build target(s)).

Build succeeded.

Time Elapsed 00:00:03.93
