Build started 9/22/2013 1:17:09 PM.
     1>Project "c:\Users\Benjamin\documents\visual studio 2010\Projects\BYULine\BYULine\BYULine.vcxproj" on node 2 (build target(s)).
     1>InitializeBuildStatus:
         Creating "Debug\BYULine.unsuccessfulbuild" because "AlwaysCreate" was specified.
       ClCompile:
         c:\Program Files (x86)\Microsoft Visual Studio 10.0\VC\bin\CL.exe /c /ZI /nologo /W3 /WX- /Od /Oy- /D _MBCS /Gm /EHsc /RTC1 /MDd /GS /fp:precise /Zc:wchar_t /Zc:forScope /Fo"Debug\\" /Fd"Debug\vc100.pdb" /Gd /TP /analyze- /errorReport:prompt intersection.cpp
         intersection.cpp
     1>c:\users\benjamin\documents\visual studio 2010\projects\byuline\byuline\intersection.cpp(17): warning C4554: '&' : check operator precedence for possible error; use parentheses to clarify precedence
     1>c:\users\benjamin\documents\visual studio 2010\projects\byuline\byuline\intersection.cpp(17): warning C4554: '&' : check operator precedence for possible error; use parentheses to clarify precedence
     1>c:\users\benjamin\documents\visual studio 2010\projects\byuline\byuline\intersection.cpp(17): warning C4554: '&' : check operator precedence for possible error; use parentheses to clarify precedence
     1>c:\users\benjamin\documents\visual studio 2010\projects\byuline\byuline\intersection.cpp(27): warning C4554: '&' : check operator precedence for possible error; use parentheses to clarify precedence
     1>c:\users\benjamin\documents\visual studio 2010\projects\byuline\byuline\intersection.cpp(29): warning C4554: '&' : check operator precedence for possible error; use parentheses to clarify precedence
     1>c:\users\benjamin\documents\visual studio 2010\projects\byuline\byuline\intersection.cpp(36): warning C4554: '&' : check operator precedence for possible error; use parentheses to clarify precedence
     1>c:\users\benjamin\documents\visual studio 2010\projects\byuline\byuline\intersection.cpp(38): warning C4554: '&' : check operator precedence for possible error; use parentheses to clarify precedence
       Link:
         c:\Program Files (x86)\Microsoft Visual Studio 10.0\VC\bin\link.exe /ERRORREPORT:PROMPT /OUT:"c:\users\benjamin\documents\visual studio 2010\Projects\BYULine\Debug\BYULine.exe" /NOLOGO kernel32.lib user32.lib gdi32.lib winspool.lib comdlg32.lib advapi32.lib shell32.lib ole32.lib oleaut32.lib uuid.lib odbc32.lib odbccp32.lib /MANIFEST /ManifestFile:"Debug\BYULine.exe.intermediate.manifest" /MANIFESTUAC:"level='asInvoker' uiAccess='false'" /DEBUG /PDB:"c:\users\benjamin\documents\visual studio 2010\Projects\BYULine\Debug\BYULine.pdb" /TLBID:1 /DYNAMICBASE /NXCOMPAT /IMPLIB:"c:\users\benjamin\documents\visual studio 2010\Projects\BYULine\Debug\BYULine.lib" /MACHINE:X86 Debug\intersection.obj
         LINK : c:\users\benjamin\documents\visual studio 2010\Projects\BYULine\Debug\BYULine.exe not found or not built by the last incremental link; performing full link
         BYULine.vcxproj -> c:\users\benjamin\documents\visual studio 2010\Projects\BYULine\Debug\BYULine.exe
       Manifest:
         C:\Program Files (x86)\Microsoft SDKs\Windows\v7.0A\bin\mt.exe /nologo /verbose /outputresource:"c:\users\benjamin\documents\visual studio 2010\Projects\BYULine\Debug\BYULine.exe;#1" /manifest Debug\BYULine.exe.intermediate.manifest
       FinalizeBuildStatus:
         Deleting file "Debug\BYULine.unsuccessfulbuild".
         Touching "Debug\BYULine.lastbuildstate".
     1>Done Building Project "c:\Users\Benjamin\documents\visual studio 2010\Projects\BYULine\BYULine\BYULine.vcxproj" (build target(s)).

Build succeeded.

Time Elapsed 00:00:01.43
