Build started 11/1/2013 12:02:12 PM.
     1>Project "c:\Users\Benjamin\documents\visual studio 2010\Projects\Lab7Restaurants\Lab7Restaurants\Lab7Restaurants.vcxproj" on node 2 (build target(s)).
     1>InitializeBuildStatus:
         Creating "Debug\Lab7Restaurants.unsuccessfulbuild" because "AlwaysCreate" was specified.
       ClCompile:
         c:\Program Files (x86)\Microsoft Visual Studio 10.0\VC\bin\CL.exe /c /ZI /nologo /W3 /WX- /Od /Oy- /D _MBCS /Gm /EHsc /RTC1 /MDd /GS /fp:precise /Zc:wchar_t /Zc:forScope /Fo"Debug\\" /Fd"Debug\vc100.pdb" /Gd /TP /analyze- /errorReport:prompt Rest.cpp
         Rest.cpp
     1>c:\users\benjamin\documents\visual studio 2010\projects\lab7restaurants\lab7restaurants\rest.cpp(96): warning C4018: '<' : signed/unsigned mismatch
     1>c:\users\benjamin\documents\visual studio 2010\projects\lab7restaurants\lab7restaurants\rest.cpp(99): warning C4018: '<' : signed/unsigned mismatch
     1>c:\users\benjamin\documents\visual studio 2010\projects\lab7restaurants\lab7restaurants\rest.cpp(122): warning C4018: '<' : signed/unsigned mismatch
     1>c:\users\benjamin\documents\visual studio 2010\projects\lab7restaurants\lab7restaurants\rest.cpp(197): warning C4018: '<' : signed/unsigned mismatch
     1>c:\users\benjamin\documents\visual studio 2010\projects\lab7restaurants\lab7restaurants\rest.cpp(323): warning C4244: 'argument' : conversion from 'time_t' to 'unsigned int', possible loss of data
       Link:
         c:\Program Files (x86)\Microsoft Visual Studio 10.0\VC\bin\link.exe /ERRORREPORT:PROMPT /OUT:"c:\users\benjamin\documents\visual studio 2010\Projects\Lab7Restaurants\Debug\Lab7Restaurants.exe" /NOLOGO kernel32.lib user32.lib gdi32.lib winspool.lib comdlg32.lib advapi32.lib shell32.lib ole32.lib oleaut32.lib uuid.lib odbc32.lib odbccp32.lib /MANIFEST /ManifestFile:"Debug\Lab7Restaurants.exe.intermediate.manifest" /MANIFESTUAC:"level='asInvoker' uiAccess='false'" /DEBUG /PDB:"c:\users\benjamin\documents\visual studio 2010\Projects\Lab7Restaurants\Debug\Lab7Restaurants.pdb" /TLBID:1 /DYNAMICBASE /NXCOMPAT /IMPLIB:"c:\users\benjamin\documents\visual studio 2010\Projects\Lab7Restaurants\Debug\Lab7Restaurants.lib" /MACHINE:X86 Debug\Rest.obj
         LINK : c:\users\benjamin\documents\visual studio 2010\Projects\Lab7Restaurants\Debug\Lab7Restaurants.exe not found or not built by the last incremental link; performing full link
         Lab7Restaurants.vcxproj -> c:\users\benjamin\documents\visual studio 2010\Projects\Lab7Restaurants\Debug\Lab7Restaurants.exe
       Manifest:
         C:\Program Files (x86)\Microsoft SDKs\Windows\v7.0A\bin\mt.exe /nologo /verbose /outputresource:"c:\users\benjamin\documents\visual studio 2010\Projects\Lab7Restaurants\Debug\Lab7Restaurants.exe;#1" /manifest Debug\Lab7Restaurants.exe.intermediate.manifest
       FinalizeBuildStatus:
         Deleting file "Debug\Lab7Restaurants.unsuccessfulbuild".
         Touching "Debug\Lab7Restaurants.lastbuildstate".
     1>Done Building Project "c:\Users\Benjamin\documents\visual studio 2010\Projects\Lab7Restaurants\Lab7Restaurants\Lab7Restaurants.vcxproj" (build target(s)).

Build succeeded.

Time Elapsed 00:00:05.27
