!ERROR: java.lang.NullPointerException
	at org.eclipse.cdt.managedbuilder.internal.core.Configuration.getEditableBuilder(Configuration.java:2541)
	at org.eclipse.cdt.managedbuilder.internal.core.Configuration.getBuildData(Configuration.java:2534)
	at org.eclipse.cdt.managedbuilder.internal.dataprovider.BuildConfigurationData.getBuildData(BuildConfigurationData.java:146)
	at org.eclipse.cdt.internal.core.settings.model.CConfigurationDescription$1.getChildren(CConfigurationDescription.java:285)
	at org.eclipse.cdt.internal.core.settings.model.ProxyProvider.fillCache(ProxyProvider.java:60)
	at org.eclipse.cdt.internal.core.settings.model.ProxyProvider.getProxy(ProxyProvider.java:84)
	at org.eclipse.cdt.internal.core.settings.model.CConfigurationDescription.getTargetPlatformSetting(CConfigurationDescription.java:519)
	at org.eclipse.cdt.internal.core.settings.model.CConfigurationSpecSettings.getReferenceDelta(CConfigurationSpecSettings.java:924)
	at org.eclipse.cdt.internal.core.settings.model.CConfigurationSpecSettings.checkReconsile(CConfigurationSpecSettings.java:619)
	at org.eclipse.cdt.internal.core.settings.model.CConfigurationSpecSettings.reconcileExtensionSettings(CConfigurationSpecSettings.java:667)
	at org.eclipse.cdt.internal.core.settings.model.CConfigurationSpecSettings.copyExtensionInfo(CConfigurationSpecSettings.java:882)
	at org.eclipse.cdt.internal.core.settings.model.CConfigurationSpecSettings.<init>(CConfigurationSpecSettings.java:196)
	at org.eclipse.cdt.internal.core.settings.model.CConfigurationDescriptionCache.<init>(CConfigurationDescriptionCache.java:145)
	at org.eclipse.cdt.internal.core.settings.model.CProjectDescription.<init>(CProjectDescription.java:309)
	at org.eclipse.cdt.internal.core.settings.model.SetCProjectDescriptionOperation.executeOperation(SetCProjectDescriptionOperation.java:93)
	at org.eclipse.cdt.internal.core.model.CModelOperation.execute(CModelOperation.java:341)
	at org.eclipse.cdt.internal.core.model.CModelOperation.run(CModelOperation.java:607)
	at org.eclipse.core.internal.resources.Workspace.run(Workspace.java:2344)
	at org.eclipse.cdt.internal.core.model.CModelOperation.runOperation(CModelOperation.java:638)
	at org.eclipse.cdt.internal.core.settings.model.AbstractCProjectDescriptionStorage.setProjectDescription(AbstractCProjectDescriptionStorage.java:203)
	at org.eclipse.cdt.internal.core.settings.model.CProjectDescriptionStorageManager.setProjectDescription(CProjectDescriptionStorageManager.java:149)
	at org.eclipse.cdt.internal.core.settings.model.CProjectDescriptionManager.setProjectDescription(CProjectDescriptionManager.java:865)
	at org.eclipse.cdt.managedbuilder.internal.core.BuildSettingsUtil.checkApplyDescription(BuildSettingsUtil.java:211)
	at org.eclipse.cdt.managedbuilder.core.ManagedBuildManager.updateCoreSettings(ManagedBuildManager.java:1572)
	at com.ti.common.project.core.internal.events.ProjectStateMonitor$ProjectDescriptionListener.handleEvent(ProjectStateMonitor.java:95)
	at org.eclipse.cdt.internal.core.settings.model.CProjectDescriptionManager.notifyListeners(CProjectDescriptionManager.java:2209)
	at org.eclipse.cdt.internal.core.settings.model.AbstractCProjectDescriptionStorage.fireLoadedEvent(AbstractCProjectDescriptionStorage.java:268)
	at org.eclipse.cdt.internal.core.settings.model.xml.XmlProjectDescriptionStorage.getProjectDescription(XmlProjectDescriptionStorage.java:259)
	at org.eclipse.cdt.internal.core.settings.model.CProjectDescriptionManager.getProjectDescriptionInternal(CProjectDescriptionManager.java:436)
	at org.eclipse.cdt.internal.core.settings.model.CProjectDescriptionManager.getProjectDescription(CProjectDescriptionManager.java:418)
	at org.eclipse.cdt.internal.core.settings.model.CProjectDescriptionManager.getProjectDescription(CProjectDescriptionManager.java:412)
	at org.eclipse.cdt.internal.core.settings.model.CProjectDescriptionManager.getProjectDescription(CProjectDescriptionManager.java:405)
	at org.eclipse.cdt.core.model.CoreModel.getProjectDescription(CoreModel.java:1422)
	at org.eclipse.cdt.managedbuilder.core.ManagedBuildManager.getDescriptionForConfiguration(ManagedBuildManager.java:3860)
	at org.eclipse.cdt.managedbuilder.core.ManagedBuildManager.getDescriptionForConfiguration(ManagedBuildManager.java:3842)
	at com.ti.common.project.core.internal.settings.AConfigurationSettings.<init>(AConfigurationSettings.java:116)
	at com.ti.ccstudio.project.core.internal.settings.CCSConfigurationSettings.<init>(CCSConfigurationSettings.java:48)
	at com.ti.ccstudio.project.core.internal.tools.CCSToolChainPropertyProvider.init(CCSToolChainPropertyProvider.java:64)
	at com.ti.ccstudio.project.core.internal.tools.CCSToolChainPropertyProvider.<init>(CCSToolChainPropertyProvider.java:55)
	at com.ti.ccstudio.project.core.internal.CCSDelegateFactory.createToolChainPropertyProvider(CCSDelegateFactory.java:43)
	at com.ti.common.project.core.internal.CommonProjectCorePlugin.getToolChainPropertyProvider(CommonProjectCorePlugin.java:541)
	at com.ti.common.project.core.util.CTIProjectCoreUtils.getToolChainPropertyProvider(CTIProjectCoreUtils.java:398)
	at com.ti.common.project.core.util.CTIProjectCoreUtils.getConfigurationSettings(CTIProjectCoreUtils.java:1024)
	at com.ti.common.project.core.util.CTIProjectCoreUtils.getEndianness(CTIProjectCoreUtils.java:1068)
	at com.ti.ccstudio.devicemodel.Device.getDefaultLinkerBuildOptions(Device.java:766)
	at com.ti.ccstudio.deviceModel.MSP430.RealMSP430Device.getDefaultLinkerBuildOptions(RealMSP430Device.java:165)
	at com.ti.ccstudio.devicemodel.Device.initializeBuildConfiguration(Device.java:888)
	at com.ti.ccstudio.project.core.internal.initializer.CCSConfigurationInitializer.doInitializeDeviceSpecifiedBuildOptions(CCSConfigurationInitializer.java:261)
	at com.ti.common.project.core.internal.initializer.AConfigurationInitializer.internalInitializeBuildOptions(AConfigurationInitializer.java:305)
	at com.ti.common.project.core.internal.initializer.AConfigurationInitializer.internalInitializeBuildOptions(AConfigurationInitializer.java:298)
	at com.ti.common.project.core.internal.initializer.AConfigurationInitializer.initialize(AConfigurationInitializer.java:71)
	at com.ti.ccstudio.project.core.services.ProjectModifier$1.run(ProjectModifier.java:590)
	at org.eclipse.core.internal.resources.Workspace.run(Workspace.java:2344)
	at com.ti.ccstudio.project.core.services.ProjectModifier.modifyCCSProject(ProjectModifier.java:584)
	at com.ti.ccstudio.project.core.services.ProjectCreator$1.run(ProjectCreator.java:762)
	at org.eclipse.core.internal.resources.Workspace.run(Workspace.java:2344)
	at com.ti.ccstudio.project.core.services.ProjectCreator.createCCSProject(ProjectCreator.java:756)
	at com.ti.ccstudio.project.ui.internal.wizards.project.NewCCSProjectWizard.createProject(NewCCSProjectWizard.java:203)
	at com.ti.ccstudio.project.ui.internal.wizards.project.NewCCSProjectWizard.access$0(NewCCSProjectWizard.java:195)
	at com.ti.ccstudio.project.ui.internal.wizards.project.NewCCSProjectWizard$1.execute(NewCCSProjectWizard.java:152)
	at org.eclipse.ui.actions.WorkspaceModifyOperation$1.run(WorkspaceModifyOperation.java:106)
	at org.eclipse.core.internal.resources.Workspace.run(Workspace.java:2344)
	at org.eclipse.ui.actions.WorkspaceModifyOperation.run(WorkspaceModifyOperation.java:118)
	at org.eclipse.jface.operation.ModalContext.runInCurrentThread(ModalContext.java:464)
	at org.eclipse.jface.operation.ModalContext.run(ModalContext.java:372)
	at org.eclipse.jface.wizard.WizardDialog.run(WizardDialog.java:1028)
	at com.ti.ccstudio.project.ui.internal.wizards.project.NewCCSProjectWizard.performFinish(NewCCSProjectWizard.java:149)
	at org.eclipse.jface.wizard.WizardDialog.finishPressed(WizardDialog.java:827)
	at org.eclipse.jface.wizard.WizardDialog.buttonPressed(WizardDialog.java:432)
	at org.eclipse.jface.dialogs.Dialog$2.widgetSelected(Dialog.java:624)
	at org.eclipse.swt.widgets.TypedListener.handleEvent(TypedListener.java:248)
	at org.eclipse.swt.widgets.EventTable.sendEvent(EventTable.java:84)
	at org.eclipse.swt.widgets.Widget.sendEvent(Widget.java:1053)
	at org.eclipse.swt.widgets.Display.runDeferredEvents(Display.java:4169)
	at org.eclipse.swt.widgets.Display.readAndDispatch(Display.java:3758)
	at org.eclipse.jface.window.Window.runEventLoop(Window.java:825)
	at org.eclipse.jface.window.Window.open(Window.java:801)
	at com.ti.ccstudio.branding.actions.CreateProjectLiveAction.doRun(CreateProjectLiveAction.java:47)
	at com.ti.ccstudio.internal.resource.explorer.liveactions.LiveAction$1.run(LiveAction.java:67)
	at org.eclipse.swt.widgets.RunnableLock.run(RunnableLock.java:35)
	at org.eclipse.swt.widgets.Synchronizer.runAsyncMessages(Synchronizer.java:135)
	at org.eclipse.swt.widgets.Display.runAsyncMessages(Display.java:4144)
	at org.eclipse.swt.widgets.Display.readAndDispatch(Display.java:3761)
	at org.eclipse.ui.internal.Workbench.runEventLoop(Workbench.java:2701)
	at org.eclipse.ui.internal.Workbench.runUI(Workbench.java:2665)
	at org.eclipse.ui.internal.Workbench.access$4(Workbench.java:2499)
	at org.eclipse.ui.internal.Workbench$7.run(Workbench.java:679)
	at org.eclipse.core.databinding.observable.Realm.runWithDefault(Realm.java:332)
	at org.eclipse.ui.internal.Workbench.createAndRunWorkbench(Workbench.java:668)
	at org.eclipse.ui.PlatformUI.createAndRunWorkbench(PlatformUI.java:149)
	at org.eclipse.ui.internal.ide.application.IDEApplication.start(IDEApplication.java:124)
	at org.eclipse.equinox.internal.app.EclipseAppHandle.run(EclipseAppHandle.java:196)
	at org.eclipse.core.runtime.internal.adaptor.EclipseAppLauncher.runApplication(EclipseAppLauncher.java:110)
	at org.eclipse.core.runtime.internal.adaptor.EclipseAppLauncher.start(EclipseAppLauncher.java:79)
	at org.eclipse.core.runtime.adaptor.EclipseStarter.run(EclipseStarter.java:353)
	at org.eclipse.core.runtime.adaptor.EclipseStarter.run(EclipseStarter.java:180)
	at sun.reflect.NativeMethodAccessorImpl.invoke0(Native Method)
	at sun.reflect.NativeMethodAccessorImpl.invoke(Unknown Source)
	at sun.reflect.DelegatingMethodAccessorImpl.invoke(Unknown Source)
	at java.lang.reflect.Method.invoke(Unknown Source)
	at org.eclipse.equinox.launcher.Main.invokeFramework(Main.java:629)
	at org.eclipse.equinox.launcher.Main.basicRun(Main.java:584)
	at org.eclipse.equinox.launcher.Main.run(Main.java:1438)


