
**** Build of configuration Debug for project L06-MorseCode ****

"C:\\ti\\ccsv5\\utils\\bin\\gmake" -k all 
'Building file: ../main.asm'
'Invoking: MSP430 Compiler'
"C:/ti/ccsv5/tools/compiler/msp430_4.2.1/bin/cl430" -vmsp --abi=coffabi --include_path="C:/ti/ccsv5/ccs_base/msp430/include" --include_path="C:/ti/ccsv5/tools/compiler/msp430_4.2.1/include" --advice:power=all -g --define=__MSP430G2553__ --diag_warning=225 --display_error_number --diag_wrap=off --printf_support=minimal --preproc_with_compile --preproc_dependency="main.pp"  "../main.asm"
"../main.asm", ERROR!   at EOF: [E0300] The following symbols are undefined:
1 Assembly Error, No Assembly Warnings
  P4OUT
  beep_cnt
  ELEMENT

Errors in Source - Assembler Aborted

>> Compilation failure
gmake: *** [main.obj] Error 1
'Building file: ../morse.asm'
'Invoking: MSP430 Compiler'
"C:/ti/ccsv5/tools/compiler/msp430_4.2.1/bin/cl430" -vmsp --abi=coffabi --include_path="C:/ti/ccsv5/ccs_base/msp430/include" --include_path="C:/ti/ccsv5/tools/compiler/msp430_4.2.1/include" --advice:power=all -g --define=__MSP430G2553__ --diag_warning=225 --display_error_number --diag_wrap=off --printf_support=minimal --preproc_with_compile --preproc_dependency="morse.pp"  "../morse.asm"
"../morse.asm", ERROR!   at EOF: [E0300] The following symbols are undefined:
1 Assembly Error, No Assembly Warnings
  P4OUT

  P4DIR
>> Compilation failure

Errors in Source - Assembler Aborted
gmake: *** [morse.obj] Error 1
gmake: Target `all' not remade because of errors.

**** Build Finished ****
